<?xml version="1.0" encoding="UTF-8"?>
<testng-results ignored="0" total="2" passed="2" failed="0" skipped="0">
  <reporter-output>
  </reporter-output>
  <suite started-at="2026-04-01T16:00:43 GMT-04:00" name="Default suite" finished-at="2026-04-01T16:00:57 GMT-04:00" duration-ms="13733">
    <groups>
    </groups>
    <test started-at="2026-04-01T16:00:43 GMT-04:00" name="Default test" finished-at="2026-04-01T16:00:57 GMT-04:00" duration-ms="13733">
      <class name="testWebElements.JavaScriptAlerts">
        <test-method signature="JsConfirm()[pri:0, instance:testWebElements.JavaScriptAlerts@747ddf94]" started-at="2026-04-01T16:00:43 GMT-04:00" name="JsConfirm" finished-at="2026-04-01T16:00:51 GMT-04:00" duration-ms="7979" status="PASS">
          <reporter-output>
          </reporter-output>
        </test-method> <!-- JsConfirm -->
        <test-method signature="jsAlerts()[pri:0, instance:testWebElements.JavaScriptAlerts@747ddf94]" started-at="2026-04-01T16:00:51 GMT-04:00" name="jsAlerts" finished-at="2026-04-01T16:00:57 GMT-04:00" duration-ms="5639" status="PASS">
          <reporter-output>
          </reporter-output>
        </test-method> <!-- jsAlerts -->
      </class> <!-- testWebElements.JavaScriptAlerts -->
    </test> <!-- Default test -->
  </suite> <!-- Default suite -->
</testng-results>
