<?xml version="1.0" encoding="UTF-8"?>
<!-- Generated by org.testng.reporters.JUnitReportReporter -->
<testsuite hostname="DESKTOP-ULPCAIM" failures="0" tests="2" name="testWebElements.JavaScriptAlerts" time="13.618" errors="0" timestamp="2026-04-01T16:00:57 GMT-04:00" skipped="0">
  <testcase classname="testWebElements.JavaScriptAlerts" name="JsConfirm" time="7.979"/>
  <testcase classname="testWebElements.JavaScriptAlerts" name="jsAlerts" time="5.639"/>
</testsuite> <!-- testWebElements.JavaScriptAlerts -->
